<?xml version='1.0' encoding='UTF-8'?>
<testsuite hostname="DESKTOP-M90CT74" name="com.cloudxlab.logparsing.LogParserSpec" tests="2" errors="0" failures="0" skipped="0" time="0.419" timestamp="2019-12-09T10:06:08">
                     <properties>
      <property name="jline.esc.timeout" value="0"/><property name="java.runtime.name" value="Java(TM) SE Runtime Environment"/><property name="sun.boot.library.path" value="C:\Progra~1\Java\jdk1.8.0_211\jre\bin"/><property name="java.vm.version" value="25.211-b12"/><property name="java.vm.vendor" value="Oracle Corporation"/><property name="java.vendor.url" value="http://java.oracle.com/"/><property name="path.separator" value=";"/><property name="jna.loaded" value="true"/><property name="java.vm.name" value="Java HotSpot(TM) 64-Bit Server VM"/><property name="file.encoding.pkg" value="sun.io"/><property name="user.country" value="IN"/><property name="user.script" value=""/><property name="sun.java.launcher" value="SUN_STANDARD"/><property name="sun.os.patch.level" value=""/><property name="jna.nosys" value="true"/><property name="java.vm.specification.name" value="Java Virtual Machine Specification"/><property name="user.dir" value="C:\Users\bvraju\Documents\GitHub\bigdata\spark\projects\apache-log-parsing_sbt"/><property name="java.runtime.version" value="1.8.0_211-b12"/><property name="java.awt.graphicsenv" value="sun.awt.Win32GraphicsEnvironment"/><property name="java.endorsed.dirs" value="C:\Progra~1\Java\jdk1.8.0_211\jre\lib\endorsed"/><property name="os.arch" value="amd64"/><property name="java.io.tmpdir" value="C:\Users\bvraju\AppData\Local\Temp\"/><property name="line.separator" value="
"/><property name="java.vm.specification.vendor" value="Oracle Corporation"/><property name="log4j.ignoreTCL" value="true"/><property name="user.variant" value=""/><property name="os.name" value="Windows 10"/><property name="sun.jnu.encoding" value="Cp1252"/><property name="jnidispatch.path" value="C:\Users\bvraju\AppData\Local\Temp\jna--1376842226\jna3048143386491893540.dll"/><property name="java.library.path" value="C:\Progra~1\Java\jdk1.8.0_211\bin;C:\WINDOWS\Sun\Java\bin;C:\WINDOWS\system32;C:\WINDOWS;C:\Progra~1\Java\jdk1.8.0_211\bin;C:\oraclexe\app\oracle\product\11.2.0\server\bin;C:\Program Files (x86)\Common Files\Oracle\Java\javapath;C:\WINDOWS\system32;C:\WINDOWS;C:\WINDOWS\System32\Wbem;C:\WINDOWS\System32\WindowsPowerShell\v1.0\;C:\Program Files\nodejs\;C:\Program Files\Microsoft VS Code\bin;C:\Program Files\Git\cmd;C:\Program Files\Git\mingw64\bin;C:\Program Files\Git\usr\bin;C:\Program Files\MongoDB\Server\4.0\bin;C:\Program Files (x86)\Microsoft SQL Server\100\Tools\Binn\;C:\Program Files\Microsoft SQL Server\100\Tools\Binn\;C:\Program Files\Microsoft SQL Server\100\DTS\Binn\;C:\WINDOWS\System32\OpenSSH\;C:\Program Files\dotnet\;C:\Program Files\Microsoft SQL Server\130\Tools\Binn\;C:\Program Files\Microsoft SQL Server\Client SDK\ODBC\170\Tools\Binn\;C:\Python27;D:\Raju\BigDataHadoopOnWindows\apache-cassandra-3.11.4\bin;F:\Software\SparkCassandraAndNeo4j\neo4j-community-3.5.9-windows\neo4j-community-3.5.9\bin;C:\Program Files (x86)\scala\bin;C:\Program Files\Java\jdk1.8.0_211\bin;C:\Program Files (x86)\sbt\bin;C:\Users\bvraju\AppData\Local\Programs\Python\Python37\Scripts\;C:\Users\bvraju\AppData\Local\Programs\Python\Python37\;C:\Users\bvraju\AppData\Roaming\npm;C:\Users\bvraju\AppData\Local\atom\bin;C:\Users\bvraju\AppData\Local\Microsoft\WindowsApps;C:\Progra~1\Java\jdk1.8.0_211;D:\Raju\BigDataHadoopOnWindows\hadoop-2.9.1;D:\Raju\BigDataHadoopOnWindows\hadoop-2.9.1\bin;D:\Raju\BigDataHadoopOnWindows\hadoop-2.9.1\sbin;D:\Raju\BigDataHadoopOnWindows\sqoop-1.4.7.bin__hadoop-2.6.0\bin;F:\Software\Hadoop\HadoopOnWindows10\mysql-5.5.62-winx64\bin;D:\Raju\BigDataHadoopOnWindows\apache-hive-1.2.2-bin\bin;D:\Raju\BigDataHadoopOnWindows\pig-0.16.0\bin;D:\Raju\BigDataHadoopOnWindows\apache-flume-1.9.0-bin\bin;D:\Raju\BigDataHadoopOnWindows\spark-2.4.3-bin-hadoop2.7\bin;C:\Program Files\Docker Toolbox;C:\Program Files\heroku\bin;D:\Raju\BigDataHadoopOnWindows\apache-zookeeper-3.5.6-bin\apache-zookeeper-3.5.6-bin\bin;C:\Users\bvraju\AppData\Local\GitHubDesktop\bin;."/><property name="java.specification.name" value="Java Platform API Specification"/><property name="java.class.version" value="52.0"/><property name="sun.management.compiler" value="HotSpot 64-Bit Tiered Compilers"/><property name="os.version" value="10.0"/><property name="swoval.tmpdir" value="C:\Users\bvraju\.sbt\1.0"/><property name="user.home" value="C:\Users\bvraju"/><property name="user.timezone" value="Asia/Calcutta"/><property name="java.awt.printerjob" value="sun.awt.windows.WPrinterJob"/><property name="file.encoding" value="UTF-8"/><property name="java.specification.version" value="1.8"/><property name="java.class.path" value="C:\Program Files (x86)\sbt\\bin\sbt-launch.jar"/><property name="user.name" value="bvraju"/><property name="jline.shutdownhook" value="false"/><property name="java.vm.specification.version" value="1.8"/><property name="sun.java.command" value="xsbt.boot.Boot test"/><property name="java.home" value="C:\Progra~1\Java\jdk1.8.0_211\jre"/><property name="sun.arch.data.model" value="64"/><property name="user.language" value="en"/><property name="java.specification.vendor" value="Oracle Corporation"/><property name="awt.toolkit" value="sun.awt.windows.WToolkit"/><property name="java.vm.info" value="mixed mode"/><property name="java.version" value="1.8.0_211"/><property name="java.ext.dirs" value="C:\Progra~1\Java\jdk1.8.0_211\jre\lib\ext;C:\WINDOWS\Sun\Java\lib\ext"/><property name="sun.boot.class.path" value="C:\Progra~1\Java\jdk1.8.0_211\jre\lib\resources.jar;C:\Progra~1\Java\jdk1.8.0_211\jre\lib\rt.jar;C:\Progra~1\Java\jdk1.8.0_211\jre\lib\sunrsasign.jar;C:\Progra~1\Java\jdk1.8.0_211\jre\lib\jsse.jar;C:\Progra~1\Java\jdk1.8.0_211\jre\lib\jce.jar;C:\Progra~1\Java\jdk1.8.0_211\jre\lib\charsets.jar;C:\Progra~1\Java\jdk1.8.0_211\jre\lib\jfr.jar;C:\Progra~1\Java\jdk1.8.0_211\jre\classes"/><property name="java.vendor" value="Oracle Corporation"/><property name="sun.stderr.encoding" value="cp437"/><property name="file.separator" value="\"/><property name="java.vendor.url.bug" value="http://bugreport.sun.com/bugreport/"/><property name="sun.io.unicode.encoding" value="UnicodeLittle"/><property name="sun.cpu.endian" value="little"/><property name="sun.stdout.encoding" value="cp437"/><property name="sun.desktop" value="windows"/><property name="sun.cpu.isalist" value="amd64"/>
    </properties>
                     <testcase classname="com.cloudxlab.logparsing.LogParserSpec" name="extractIP should Extract IP Address" time="0.418">
                                                 
                                               </testcase><testcase classname="com.cloudxlab.logparsing.LogParserSpec" name="containsIP should Check if IP exists in the log line" time="0.001">
                                                 
                                               </testcase>
                     <system-out><![CDATA[]]></system-out>
                     <system-err><![CDATA[]]></system-err>
                   </testsuite>